{"/Users/marvin/learning/exam/v1/src/api/search.spec.js":{"path":"/Users/marvin/learning/exam/v1/src/api/search.spec.js","s":{"1":1,"2":1,"3":1,"4":1,"5":1,"6":1,"7":1,"8":1,"9":1,"10":1,"11":4,"12":4,"13":1,"14":4,"15":4,"16":4,"17":1,"18":1,"19":1,"20":1,"21":1,"22":1,"23":1,"24":1,"25":1,"26":1,"27":1,"28":1,"29":1,"30":1,"31":1,"32":1,"33":1,"34":1,"35":1,"36":1,"37":1,"38":1,"39":1,"40":1,"41":1,"42":1,"43":1,"44":1,"45":1,"46":1,"47":1,"48":1,"49":1,"50":1,"51":1,"52":1,"53":1,"54":1,"55":1,"56":1,"57":1,"58":1,"59":1,"60":1,"61":1,"62":1,"63":1,"64":1,"65":1},"b":{},"f":{},"fnMap":{},"statementMap":{"1":{"start":{"line":1,"column":0},"end":{"line":1,"column":32}},"2":{"start":{"line":2,"column":0},"end":{"line":2,"column":33}},"3":{"start":{"line":3,"column":0},"end":{"line":3,"column":31}},"4":{"start":{"line":4,"column":0},"end":{"line":4,"column":35}},"5":{"start":{"line":5,"column":0},"end":{"line":5,"column":44}},"6":{"start":{"line":6,"column":0},"end":{"line":6,"column":56}},"7":{"start":{"line":7,"column":0},"end":{"line":7,"column":39}},"8":{"start":{"line":9,"column":0},"end":{"line":107,"column":3}},"9":{"start":{"line":10,"column":4},"end":{"line":106,"column":7}},"10":{"start":{"line":11,"column":8},"end":{"line":18,"column":11}},"11":{"start":{"line":12,"column":12},"end":{"line":12,"column":33}},"12":{"start":{"line":13,"column":12},"end":{"line":17,"column":15}},"13":{"start":{"line":20,"column":8},"end":{"line":24,"column":11}},"14":{"start":{"line":21,"column":12},"end":{"line":21,"column":43}},"15":{"start":{"line":22,"column":12},"end":{"line":22,"column":49}},"16":{"start":{"line":23,"column":12},"end":{"line":23,"column":51}},"17":{"start":{"line":26,"column":8},"end":{"line":44,"column":11}},"18":{"start":{"line":27,"column":12},"end":{"line":29,"column":14}},"19":{"start":{"line":30,"column":12},"end":{"line":30,"column":31}},"20":{"start":{"line":31,"column":12},"end":{"line":31,"column":64}},"21":{"start":{"line":32,"column":12},"end":{"line":32,"column":52}},"22":{"start":{"line":33,"column":12},"end":{"line":33,"column":55}},"23":{"start":{"line":34,"column":12},"end":{"line":34,"column":33}},"24":{"start":{"line":36,"column":12},"end":{"line":36,"column":55}},"25":{"start":{"line":37,"column":12},"end":{"line":37,"column":108}},"26":{"start":{"line":38,"column":12},"end":{"line":38,"column":83}},"27":{"start":{"line":40,"column":12},"end":{"line":40,"column":64}},"28":{"start":{"line":42,"column":12},"end":{"line":42,"column":34}},"29":{"start":{"line":43,"column":12},"end":{"line":43,"column":40}},"30":{"start":{"line":46,"column":8},"end":{"line":65,"column":11}},"31":{"start":{"line":47,"column":12},"end":{"line":50,"column":14}},"32":{"start":{"line":51,"column":12},"end":{"line":51,"column":31}},"33":{"start":{"line":52,"column":12},"end":{"line":52,"column":64}},"34":{"start":{"line":53,"column":12},"end":{"line":53,"column":52}},"35":{"start":{"line":54,"column":12},"end":{"line":54,"column":54}},"36":{"start":{"line":55,"column":12},"end":{"line":55,"column":33}},"37":{"start":{"line":57,"column":12},"end":{"line":57,"column":55}},"38":{"start":{"line":58,"column":12},"end":{"line":58,"column":108}},"39":{"start":{"line":59,"column":12},"end":{"line":59,"column":85}},"40":{"start":{"line":61,"column":12},"end":{"line":61,"column":64}},"41":{"start":{"line":63,"column":12},"end":{"line":63,"column":34}},"42":{"start":{"line":64,"column":12},"end":{"line":64,"column":40}},"43":{"start":{"line":67,"column":8},"end":{"line":87,"column":11}},"44":{"start":{"line":68,"column":12},"end":{"line":70,"column":14}},"45":{"start":{"line":71,"column":12},"end":{"line":71,"column":31}},"46":{"start":{"line":72,"column":12},"end":{"line":72,"column":64}},"47":{"start":{"line":73,"column":12},"end":{"line":73,"column":52}},"48":{"start":{"line":74,"column":12},"end":{"line":74,"column":54}},"49":{"start":{"line":75,"column":12},"end":{"line":75,"column":33}},"50":{"start":{"line":77,"column":12},"end":{"line":77,"column":55}},"51":{"start":{"line":78,"column":12},"end":{"line":78,"column":108}},"52":{"start":{"line":79,"column":12},"end":{"line":80,"column":16}},"53":{"start":{"line":82,"column":12},"end":{"line":82,"column":65}},"54":{"start":{"line":83,"column":12},"end":{"line":83,"column":59}},"55":{"start":{"line":85,"column":12},"end":{"line":85,"column":34}},"56":{"start":{"line":86,"column":12},"end":{"line":86,"column":40}},"57":{"start":{"line":89,"column":8},"end":{"line":103,"column":11}},"58":{"start":{"line":90,"column":12},"end":{"line":92,"column":14}},"59":{"start":{"line":93,"column":12},"end":{"line":93,"column":52}},"60":{"start":{"line":94,"column":12},"end":{"line":94,"column":54}},"61":{"start":{"line":95,"column":12},"end":{"line":95,"column":33}},"62":{"start":{"line":97,"column":12},"end":{"line":97,"column":55}},"63":{"start":{"line":98,"column":12},"end":{"line":98,"column":89}},"64":{"start":{"line":100,"column":12},"end":{"line":100,"column":64}},"65":{"start":{"line":102,"column":12},"end":{"line":102,"column":34}}},"branchMap":{}},"/Users/marvin/learning/exam/v1/src/api/search.js":{"path":"/Users/marvin/learning/exam/v1/src/api/search.js","s":{"1":1,"2":1,"3":1,"4":1,"5":1,"6":4,"7":4,"8":4,"9":1},"b":{"1":[4,3]},"f":{"1":4},"fnMap":{"1":{"name":"recommend","line":6,"loc":{"start":{"line":6,"column":0},"end":{"line":6,"column":29}}}},"statementMap":{"1":{"start":{"line":1,"column":0},"end":{"line":1,"column":44}},"2":{"start":{"line":2,"column":0},"end":{"line":2,"column":38}},"3":{"start":{"line":3,"column":0},"end":{"line":3,"column":56}},"4":{"start":{"line":4,"column":0},"end":{"line":4,"column":39}},"5":{"start":{"line":6,"column":0},"end":{"line":10,"column":1}},"6":{"start":{"line":7,"column":4},"end":{"line":7,"column":65}},"7":{"start":{"line":8,"column":4},"end":{"line":8,"column":70}},"8":{"start":{"line":9,"column":4},"end":{"line":9,"column":61}},"9":{"start":{"line":13,"column":0},"end":{"line":15,"column":2}}},"branchMap":{"1":{"line":8,"type":"binary-expr","locations":[{"start":{"line":8,"column":21},"end":{"line":8,"column":63}},{"start":{"line":8,"column":67},"end":{"line":8,"column":69}}]}}},"/Users/marvin/learning/exam/v1/src/lib/security.js":{"path":"/Users/marvin/learning/exam/v1/src/lib/security.js","s":{"1":1,"2":1,"3":1,"4":3,"5":3,"6":2,"7":9,"8":5,"9":5,"10":5,"11":3,"12":1,"13":2,"14":5,"15":2,"16":1,"17":3,"18":1},"b":{"1":[2,1],"2":[5,4],"3":[9,8,7],"4":[3,2],"5":[1,2],"6":[1,1],"7":[2,1]},"f":{"1":3},"fnMap":{"1":{"name":"getSearchableAttributes","line":4,"loc":{"start":{"line":4,"column":0},"end":{"line":4,"column":41}}}},"statementMap":{"1":{"start":{"line":1,"column":0},"end":{"line":1,"column":32}},"2":{"start":{"line":2,"column":0},"end":{"line":2,"column":39}},"3":{"start":{"line":4,"column":0},"end":{"line":38,"column":1}},"4":{"start":{"line":5,"column":4},"end":{"line":5,"column":24}},"5":{"start":{"line":6,"column":4},"end":{"line":36,"column":5}},"6":{"start":{"line":7,"column":8},"end":{"line":25,"column":15}},"7":{"start":{"line":9,"column":16},"end":{"line":24,"column":17}},"8":{"start":{"line":10,"column":20},"end":{"line":10,"column":44}},"9":{"start":{"line":11,"column":20},"end":{"line":11,"column":55}},"10":{"start":{"line":12,"column":20},"end":{"line":18,"column":21}},"11":{"start":{"line":13,"column":24},"end":{"line":17,"column":25}},"12":{"start":{"line":14,"column":28},"end":{"line":14,"column":54}},"13":{"start":{"line":16,"column":28},"end":{"line":16,"column":52}},"14":{"start":{"line":19,"column":20},"end":{"line":23,"column":23}},"15":{"start":{"line":26,"column":8},"end":{"line":35,"column":9}},"16":{"start":{"line":27,"column":12},"end":{"line":34,"column":15}},"17":{"start":{"line":37,"column":4},"end":{"line":37,"column":22}},"18":{"start":{"line":40,"column":0},"end":{"line":42,"column":2}}},"branchMap":{"1":{"line":6,"type":"if","locations":[{"start":{"line":6,"column":4},"end":{"line":6,"column":4}},{"start":{"line":6,"column":4},"end":{"line":6,"column":4}}]},"2":{"line":9,"type":"if","locations":[{"start":{"line":9,"column":16},"end":{"line":9,"column":16}},{"start":{"line":9,"column":16},"end":{"line":9,"column":16}}]},"3":{"line":9,"type":"binary-expr","locations":[{"start":{"line":9,"column":20},"end":{"line":9,"column":39}},{"start":{"line":9,"column":43},"end":{"line":9,"column":61}},{"start":{"line":9,"column":66},"end":{"line":9,"column":108}}]},"4":{"line":12,"type":"if","locations":[{"start":{"line":12,"column":20},"end":{"line":12,"column":20}},{"start":{"line":12,"column":20},"end":{"line":12,"column":20}}]},"5":{"line":13,"type":"if","locations":[{"start":{"line":13,"column":24},"end":{"line":13,"column":24}},{"start":{"line":13,"column":24},"end":{"line":13,"column":24}}]},"6":{"line":26,"type":"if","locations":[{"start":{"line":26,"column":8},"end":{"line":26,"column":8}},{"start":{"line":26,"column":8},"end":{"line":26,"column":8}}]},"7":{"line":26,"type":"binary-expr","locations":[{"start":{"line":26,"column":12},"end":{"line":26,"column":28}},{"start":{"line":26,"column":32},"end":{"line":26,"column":47}}]}}},"/Users/marvin/learning/exam/v1/config.js":{"path":"/Users/marvin/learning/exam/v1/config.js","s":{"1":1},"b":{"1":[1,1],"2":[1,1]},"f":{},"fnMap":{},"statementMap":{"1":{"start":{"line":1,"column":0},"end":{"line":27,"column":2}}},"branchMap":{"1":{"line":3,"type":"binary-expr","locations":[{"start":{"line":3,"column":15},"end":{"line":3,"column":31}},{"start":{"line":3,"column":35},"end":{"line":3,"column":39}}]},"2":{"line":17,"type":"binary-expr","locations":[{"start":{"line":17,"column":15},"end":{"line":17,"column":33}},{"start":{"line":17,"column":37},"end":{"line":17,"column":60}}]}}},"/Users/marvin/learning/exam/v1/src/lib/query.js":{"path":"/Users/marvin/learning/exam/v1/src/lib/query.js","s":{"1":1,"2":1,"3":1,"4":2,"5":2,"6":2,"7":2,"8":2,"9":5,"10":2,"11":2,"12":2,"13":5,"14":1,"15":1,"16":1,"17":5,"18":2,"19":2,"20":2,"21":2,"22":2,"23":2,"24":2,"25":2,"26":5,"27":2,"28":2,"29":2,"30":2,"31":1,"32":2,"33":2,"34":2,"35":2,"36":1},"b":{"1":[2,0],"2":[2,3],"3":[5,4],"4":[1,4],"5":[2,3],"6":[2,2,2],"7":[2,3],"8":[1,1],"9":[2,0]},"f":{"1":2},"fnMap":{"1":{"name":"convert","line":4,"loc":{"start":{"line":4,"column":0},"end":{"line":4,"column":29}}}},"statementMap":{"1":{"start":{"line":1,"column":0},"end":{"line":1,"column":32}},"2":{"start":{"line":2,"column":0},"end":{"line":2,"column":39}},"3":{"start":{"line":4,"column":0},"end":{"line":71,"column":1}},"4":{"start":{"line":5,"column":4},"end":{"line":5,"column":24}},"5":{"start":{"line":6,"column":4},"end":{"line":6,"column":28}},"6":{"start":{"line":7,"column":4},"end":{"line":7,"column":27}},"7":{"start":{"line":8,"column":4},"end":{"line":52,"column":5}},"8":{"start":{"line":9,"column":8},"end":{"line":51,"column":11}},"9":{"start":{"line":10,"column":12},"end":{"line":16,"column":13}},"10":{"start":{"line":11,"column":16},"end":{"line":11,"column":35}},"11":{"start":{"line":12,"column":16},"end":{"line":12,"column":60}},"12":{"start":{"line":13,"column":16},"end":{"line":15,"column":19}},"13":{"start":{"line":17,"column":12},"end":{"line":28,"column":13}},"14":{"start":{"line":18,"column":16},"end":{"line":20,"column":18}},"15":{"start":{"line":21,"column":16},"end":{"line":24,"column":18}},"16":{"start":{"line":25,"column":16},"end":{"line":27,"column":19}},"17":{"start":{"line":29,"column":12},"end":{"line":43,"column":13}},"18":{"start":{"line":30,"column":16},"end":{"line":30,"column":101}},"19":{"start":{"line":31,"column":16},"end":{"line":31,"column":44}},"20":{"start":{"line":32,"column":16},"end":{"line":32,"column":62}},"21":{"start":{"line":33,"column":16},"end":{"line":33,"column":56}},"22":{"start":{"line":34,"column":16},"end":{"line":34,"column":56}},"23":{"start":{"line":35,"column":16},"end":{"line":35,"column":36}},"24":{"start":{"line":36,"column":16},"end":{"line":39,"column":18}},"25":{"start":{"line":40,"column":16},"end":{"line":42,"column":19}},"26":{"start":{"line":44,"column":12},"end":{"line":50,"column":13}},"27":{"start":{"line":45,"column":16},"end":{"line":45,"column":35}},"28":{"start":{"line":46,"column":16},"end":{"line":46,"column":60}},"29":{"start":{"line":47,"column":16},"end":{"line":49,"column":19}},"30":{"start":{"line":53,"column":4},"end":{"line":59,"column":5}},"31":{"start":{"line":54,"column":8},"end":{"line":58,"column":11}},"32":{"start":{"line":60,"column":4},"end":{"line":66,"column":6}},"33":{"start":{"line":67,"column":4},"end":{"line":69,"column":5}},"34":{"start":{"line":68,"column":8},"end":{"line":68,"column":49}},"35":{"start":{"line":70,"column":4},"end":{"line":70,"column":19}},"36":{"start":{"line":74,"column":0},"end":{"line":76,"column":1}}},"branchMap":{"1":{"line":8,"type":"if","locations":[{"start":{"line":8,"column":4},"end":{"line":8,"column":4}},{"start":{"line":8,"column":4},"end":{"line":8,"column":4}}]},"2":{"line":10,"type":"if","locations":[{"start":{"line":10,"column":12},"end":{"line":10,"column":12}},{"start":{"line":10,"column":12},"end":{"line":10,"column":12}}]},"3":{"line":10,"type":"binary-expr","locations":[{"start":{"line":10,"column":16},"end":{"line":10,"column":40}},{"start":{"line":10,"column":44},"end":{"line":10,"column":72}}]},"4":{"line":17,"type":"if","locations":[{"start":{"line":17,"column":12},"end":{"line":17,"column":12}},{"start":{"line":17,"column":12},"end":{"line":17,"column":12}}]},"5":{"line":29,"type":"if","locations":[{"start":{"line":29,"column":12},"end":{"line":29,"column":12}},{"start":{"line":29,"column":12},"end":{"line":29,"column":12}}]},"6":{"line":30,"type":"binary-expr","locations":[{"start":{"line":30,"column":32},"end":{"line":30,"column":51}},{"start":{"line":30,"column":55},"end":{"line":30,"column":94}},{"start":{"line":30,"column":98},"end":{"line":30,"column":100}}]},"7":{"line":44,"type":"if","locations":[{"start":{"line":44,"column":12},"end":{"line":44,"column":12}},{"start":{"line":44,"column":12},"end":{"line":44,"column":12}}]},"8":{"line":53,"type":"if","locations":[{"start":{"line":53,"column":4},"end":{"line":53,"column":4}},{"start":{"line":53,"column":4},"end":{"line":53,"column":4}}]},"9":{"line":67,"type":"if","locations":[{"start":{"line":67,"column":4},"end":{"line":67,"column":4}},{"start":{"line":67,"column":4},"end":{"line":67,"column":4}}]}}},"/Users/marvin/learning/exam/v1/src/lib/recommendation.js":{"path":"/Users/marvin/learning/exam/v1/src/lib/recommendation.js","s":{"1":1,"2":1,"3":1,"4":1,"5":1,"6":5,"7":5,"8":5,"9":3,"10":3,"11":3,"12":3,"13":3,"14":3,"15":2,"16":11,"17":11,"18":3,"19":2,"20":5,"21":1},"b":{"1":[5,4],"2":[3,2],"3":[5,3],"4":[2,1],"5":[3,3]},"f":{"1":5},"fnMap":{"1":{"name":"recommend","line":6,"loc":{"start":{"line":6,"column":0},"end":{"line":6,"column":44}}}},"statementMap":{"1":{"start":{"line":1,"column":0},"end":{"line":1,"column":32}},"2":{"start":{"line":2,"column":0},"end":{"line":2,"column":31}},"3":{"start":{"line":3,"column":0},"end":{"line":3,"column":25}},"4":{"start":{"line":4,"column":0},"end":{"line":4,"column":35}},"5":{"start":{"line":6,"column":0},"end":{"line":39,"column":1}},"6":{"start":{"line":7,"column":4},"end":{"line":7,"column":36}},"7":{"start":{"line":8,"column":4},"end":{"line":38,"column":7}},"8":{"start":{"line":9,"column":8},"end":{"line":36,"column":9}},"9":{"start":{"line":10,"column":12},"end":{"line":10,"column":52}},"10":{"start":{"line":11,"column":12},"end":{"line":11,"column":51}},"11":{"start":{"line":12,"column":12},"end":{"line":12,"column":64}},"12":{"start":{"line":13,"column":12},"end":{"line":33,"column":19}},"13":{"start":{"line":15,"column":20},"end":{"line":15,"column":37}},"14":{"start":{"line":16,"column":20},"end":{"line":31,"column":21}},"15":{"start":{"line":17,"column":24},"end":{"line":30,"column":31}},"16":{"start":{"line":20,"column":32},"end":{"line":20,"column":55}},"17":{"start":{"line":21,"column":32},"end":{"line":29,"column":35}},"18":{"start":{"line":32,"column":20},"end":{"line":32,"column":35}},"19":{"start":{"line":35,"column":12},"end":{"line":35,"column":25}},"20":{"start":{"line":37,"column":8},"end":{"line":37,"column":23}},"21":{"start":{"line":41,"column":0},"end":{"line":43,"column":2}}},"branchMap":{"1":{"line":7,"type":"binary-expr","locations":[{"start":{"line":7,"column":18},"end":{"line":7,"column":29}},{"start":{"line":7,"column":33},"end":{"line":7,"column":35}}]},"2":{"line":9,"type":"if","locations":[{"start":{"line":9,"column":8},"end":{"line":9,"column":8}},{"start":{"line":9,"column":8},"end":{"line":9,"column":8}}]},"3":{"line":9,"type":"binary-expr","locations":[{"start":{"line":9,"column":12},"end":{"line":9,"column":33}},{"start":{"line":9,"column":37},"end":{"line":9,"column":58}}]},"4":{"line":16,"type":"if","locations":[{"start":{"line":16,"column":20},"end":{"line":16,"column":20}},{"start":{"line":16,"column":20},"end":{"line":16,"column":20}}]},"5":{"line":16,"type":"binary-expr","locations":[{"start":{"line":16,"column":24},"end":{"line":16,"column":37}},{"start":{"line":16,"column":41},"end":{"line":16,"column":64}}]}}},"/Users/marvin/learning/exam/v1/src/lib/es.js":{"path":"/Users/marvin/learning/exam/v1/src/lib/es.js","s":{"1":1,"2":1,"3":1,"4":3,"5":3,"6":3,"7":3,"8":1},"b":{"1":[3,1]},"f":{"1":3},"fnMap":{"1":{"name":"search","line":4,"loc":{"start":{"line":4,"column":0},"end":{"line":4,"column":36}}}},"statementMap":{"1":{"start":{"line":1,"column":0},"end":{"line":1,"column":31}},"2":{"start":{"line":2,"column":0},"end":{"line":2,"column":39}},"3":{"start":{"line":4,"column":0},"end":{"line":13,"column":1}},"4":{"start":{"line":5,"column":4},"end":{"line":5,"column":37}},"5":{"start":{"line":6,"column":4},"end":{"line":6,"column":80}},"6":{"start":{"line":7,"column":4},"end":{"line":12,"column":7}},"7":{"start":{"line":11,"column":8},"end":{"line":11,"column":36}},"8":{"start":{"line":15,"column":0},"end":{"line":17,"column":2}}},"branchMap":{"1":{"line":5,"type":"binary-expr","locations":[{"start":{"line":5,"column":18},"end":{"line":5,"column":29}},{"start":{"line":5,"column":33},"end":{"line":5,"column":36}}]}}},"/Users/marvin/learning/exam/v1/src/lib/http.js":{"path":"/Users/marvin/learning/exam/v1/src/lib/http.js","s":{"1":1,"2":1,"3":4,"4":4,"5":4,"6":4,"7":1,"8":1,"9":3,"10":3,"11":4,"12":1,"13":3,"14":3,"15":2,"16":3,"17":1,"18":7,"19":7,"20":7,"21":7,"22":7,"23":4,"24":4,"25":3,"26":3,"27":3,"28":1,"29":7,"30":1,"31":6,"32":1,"33":1,"34":1,"35":5,"36":1},"b":{"1":[1,3],"2":[3,3],"3":[3,0],"4":[2,1],"5":[3,3],"6":[7,0],"7":[4,3],"8":[3,0],"9":[1,6],"10":[1,5]},"f":{"1":4,"2":3,"3":7,"4":4,"5":3,"6":7},"fnMap":{"1":{"name":"get","line":3,"loc":{"start":{"line":3,"column":0},"end":{"line":3,"column":21}}},"2":{"name":"post","line":22,"loc":{"start":{"line":22,"column":0},"end":{"line":22,"column":22}}},"3":{"name":"_request","line":36,"loc":{"start":{"line":36,"column":0},"end":{"line":36,"column":24}}},"4":{"name":"(anonymous_4)","line":53,"loc":{"start":{"line":53,"column":16},"end":{"line":53,"column":41}}},"5":{"name":"(anonymous_5)","line":60,"loc":{"start":{"line":60,"column":16},"end":{"line":60,"column":41}}},"6":{"name":"_handleRequest","line":68,"loc":{"start":{"line":68,"column":0},"end":{"line":68,"column":48}}}},"statementMap":{"1":{"start":{"line":1,"column":0},"end":{"line":1,"column":35}},"2":{"start":{"line":3,"column":0},"end":{"line":20,"column":1}},"3":{"start":{"line":4,"column":4},"end":{"line":4,"column":12}},"4":{"start":{"line":5,"column":4},"end":{"line":5,"column":15}},"5":{"start":{"line":6,"column":4},"end":{"line":6,"column":27}},"6":{"start":{"line":7,"column":4},"end":{"line":13,"column":5}},"7":{"start":{"line":8,"column":8},"end":{"line":8,"column":21}},"8":{"start":{"line":9,"column":8},"end":{"line":9,"column":20}},"9":{"start":{"line":11,"column":8},"end":{"line":11,"column":25}},"10":{"start":{"line":12,"column":8},"end":{"line":12,"column":37}},"11":{"start":{"line":14,"column":4},"end":{"line":19,"column":7}},"12":{"start":{"line":22,"column":0},"end":{"line":34,"column":1}},"13":{"start":{"line":23,"column":4},"end":{"line":23,"column":26}},"14":{"start":{"line":24,"column":4},"end":{"line":26,"column":5}},"15":{"start":{"line":25,"column":8},"end":{"line":25,"column":50}},"16":{"start":{"line":27,"column":4},"end":{"line":33,"column":7}},"17":{"start":{"line":36,"column":0},"end":{"line":66,"column":1}},"18":{"start":{"line":37,"column":4},"end":{"line":65,"column":7}},"19":{"start":{"line":38,"column":8},"end":{"line":44,"column":10}},"20":{"start":{"line":45,"column":8},"end":{"line":48,"column":10}},"21":{"start":{"line":49,"column":8},"end":{"line":49,"column":47}},"22":{"start":{"line":50,"column":8},"end":{"line":64,"column":9}},"23":{"start":{"line":51,"column":12},"end":{"line":56,"column":14}},"24":{"start":{"line":54,"column":20},"end":{"line":54,"column":59}},"25":{"start":{"line":57,"column":15},"end":{"line":64,"column":9}},"26":{"start":{"line":58,"column":12},"end":{"line":63,"column":14}},"27":{"start":{"line":61,"column":20},"end":{"line":61,"column":59}},"28":{"start":{"line":68,"column":0},"end":{"line":78,"column":1}},"29":{"start":{"line":69,"column":4},"end":{"line":77,"column":5}},"30":{"start":{"line":70,"column":8},"end":{"line":70,"column":28}},"31":{"start":{"line":71,"column":11},"end":{"line":77,"column":5}},"32":{"start":{"line":72,"column":8},"end":{"line":72,"column":45}},"33":{"start":{"line":73,"column":8},"end":{"line":73,"column":46}},"34":{"start":{"line":74,"column":8},"end":{"line":74,"column":30}},"35":{"start":{"line":76,"column":8},"end":{"line":76,"column":39}},"36":{"start":{"line":81,"column":0},"end":{"line":84,"column":2}}},"branchMap":{"1":{"line":7,"type":"if","locations":[{"start":{"line":7,"column":4},"end":{"line":7,"column":4}},{"start":{"line":7,"column":4},"end":{"line":7,"column":4}}]},"2":{"line":12,"type":"binary-expr","locations":[{"start":{"line":12,"column":17},"end":{"line":12,"column":30}},{"start":{"line":12,"column":34},"end":{"line":12,"column":36}}]},"3":{"line":23,"type":"binary-expr","locations":[{"start":{"line":23,"column":13},"end":{"line":23,"column":19}},{"start":{"line":23,"column":23},"end":{"line":23,"column":25}}]},"4":{"line":24,"type":"if","locations":[{"start":{"line":24,"column":4},"end":{"line":24,"column":4}},{"start":{"line":24,"column":4},"end":{"line":24,"column":4}}]},"5":{"line":31,"type":"binary-expr","locations":[{"start":{"line":31,"column":16},"end":{"line":31,"column":29}},{"start":{"line":31,"column":33},"end":{"line":31,"column":35}}]},"6":{"line":40,"type":"binary-expr","locations":[{"start":{"line":40,"column":21},"end":{"line":40,"column":32}},{"start":{"line":40,"column":36},"end":{"line":40,"column":38}}]},"7":{"line":50,"type":"if","locations":[{"start":{"line":50,"column":8},"end":{"line":50,"column":8}},{"start":{"line":50,"column":8},"end":{"line":50,"column":8}}]},"8":{"line":57,"type":"if","locations":[{"start":{"line":57,"column":15},"end":{"line":57,"column":15}},{"start":{"line":57,"column":15},"end":{"line":57,"column":15}}]},"9":{"line":69,"type":"if","locations":[{"start":{"line":69,"column":4},"end":{"line":69,"column":4}},{"start":{"line":69,"column":4},"end":{"line":69,"column":4}}]},"10":{"line":71,"type":"if","locations":[{"start":{"line":71,"column":11},"end":{"line":71,"column":11}},{"start":{"line":71,"column":11},"end":{"line":71,"column":11}}]}}},"/Users/marvin/learning/exam/v1/src/lib/promise.js":{"path":"/Users/marvin/learning/exam/v1/src/lib/promise.js","s":{"1":1,"2":1,"3":9,"4":9,"5":9,"6":8,"7":5,"8":4,"9":1,"10":3,"11":1,"12":1,"13":1,"14":1,"15":1,"16":1},"b":{"1":[5,3]},"f":{"1":9,"2":1,"3":1},"fnMap":{"1":{"name":"exec","line":3,"loc":{"start":{"line":3,"column":0},"end":{"line":3,"column":18}}},"2":{"name":"pass","line":23,"loc":{"start":{"line":23,"column":0},"end":{"line":23,"column":21}}},"3":{"name":"reject","line":27,"loc":{"start":{"line":27,"column":0},"end":{"line":27,"column":23}}}},"statementMap":{"1":{"start":{"line":1,"column":0},"end":{"line":1,"column":32}},"2":{"start":{"line":3,"column":0},"end":{"line":21,"column":1}},"3":{"start":{"line":4,"column":4},"end":{"line":20,"column":7}},"4":{"start":{"line":5,"column":8},"end":{"line":19,"column":9}},"5":{"start":{"line":6,"column":12},"end":{"line":6,"column":29}},"6":{"start":{"line":7,"column":12},"end":{"line":16,"column":13}},"7":{"start":{"line":8,"column":16},"end":{"line":13,"column":23}},"8":{"start":{"line":9,"column":24},"end":{"line":9,"column":39}},"9":{"start":{"line":12,"column":24},"end":{"line":12,"column":36}},"10":{"start":{"line":15,"column":16},"end":{"line":15,"column":31}},"11":{"start":{"line":18,"column":12},"end":{"line":18,"column":24}},"12":{"start":{"line":23,"column":0},"end":{"line":25,"column":1}},"13":{"start":{"line":24,"column":4},"end":{"line":24,"column":34}},"14":{"start":{"line":27,"column":0},"end":{"line":29,"column":1}},"15":{"start":{"line":28,"column":4},"end":{"line":28,"column":33}},"16":{"start":{"line":31,"column":0},"end":{"line":35,"column":2}}},"branchMap":{"1":{"line":7,"type":"if","locations":[{"start":{"line":7,"column":12},"end":{"line":7,"column":12}},{"start":{"line":7,"column":12},"end":{"line":7,"column":12}}]}}},"/Users/marvin/learning/exam/v1/src/lib/es.spec.js":{"path":"/Users/marvin/learning/exam/v1/src/lib/es.spec.js","s":{"1":1,"2":1,"3":1,"4":1,"5":1,"6":1,"7":1,"8":1,"9":1,"10":1,"11":1,"12":1,"13":1,"14":1,"15":1,"16":1,"17":1,"18":1,"19":1},"b":{},"f":{},"fnMap":{},"statementMap":{"1":{"start":{"line":1,"column":0},"end":{"line":1,"column":32}},"2":{"start":{"line":2,"column":0},"end":{"line":2,"column":31}},"3":{"start":{"line":3,"column":0},"end":{"line":3,"column":33}},"4":{"start":{"line":4,"column":0},"end":{"line":4,"column":31}},"5":{"start":{"line":5,"column":0},"end":{"line":5,"column":29}},"6":{"start":{"line":6,"column":0},"end":{"line":6,"column":25}},"7":{"start":{"line":8,"column":0},"end":{"line":49,"column":3}},"8":{"start":{"line":9,"column":4},"end":{"line":11,"column":7}},"9":{"start":{"line":10,"column":8},"end":{"line":10,"column":25}},"10":{"start":{"line":12,"column":4},"end":{"line":14,"column":7}},"11":{"start":{"line":13,"column":8},"end":{"line":13,"column":35}},"12":{"start":{"line":16,"column":4},"end":{"line":48,"column":7}},"13":{"start":{"line":17,"column":8},"end":{"line":37,"column":10}},"14":{"start":{"line":38,"column":8},"end":{"line":38,"column":40}},"15":{"start":{"line":39,"column":8},"end":{"line":41,"column":12}},"16":{"start":{"line":40,"column":12},"end":{"line":40,"column":52}},"17":{"start":{"line":43,"column":8},"end":{"line":47,"column":15}},"18":{"start":{"line":45,"column":16},"end":{"line":45,"column":34}},"19":{"start":{"line":46,"column":16},"end":{"line":46,"column":23}}},"branchMap":{}},"/Users/marvin/learning/exam/v1/src/lib/http.spec.js":{"path":"/Users/marvin/learning/exam/v1/src/lib/http.spec.js","s":{"1":1,"2":1,"3":1,"4":1,"5":1,"6":1,"7":1,"8":5,"9":1,"10":5,"11":1,"12":1,"13":1,"14":1,"15":1,"16":1,"17":1,"18":1,"19":1,"20":1,"21":1,"22":1,"23":1,"24":1,"25":1,"26":1,"27":1,"28":1,"29":1,"30":1,"31":1,"32":1,"33":1,"34":1,"35":1,"36":1,"37":1,"38":1,"39":1,"40":1,"41":1,"42":1},"b":{},"f":{},"fnMap":{},"statementMap":{"1":{"start":{"line":1,"column":0},"end":{"line":1,"column":32}},"2":{"start":{"line":2,"column":0},"end":{"line":2,"column":31}},"3":{"start":{"line":3,"column":0},"end":{"line":3,"column":33}},"4":{"start":{"line":4,"column":0},"end":{"line":4,"column":35}},"5":{"start":{"line":5,"column":0},"end":{"line":5,"column":29}},"6":{"start":{"line":7,"column":0},"end":{"line":84,"column":3}},"7":{"start":{"line":8,"column":4},"end":{"line":11,"column":7}},"8":{"start":{"line":9,"column":8},"end":{"line":9,"column":28}},"9":{"start":{"line":13,"column":4},"end":{"line":16,"column":7}},"10":{"start":{"line":14,"column":8},"end":{"line":14,"column":38}},"11":{"start":{"line":18,"column":4},"end":{"line":67,"column":7}},"12":{"start":{"line":19,"column":8},"end":{"line":27,"column":11}},"13":{"start":{"line":20,"column":12},"end":{"line":20,"column":50}},"14":{"start":{"line":21,"column":12},"end":{"line":21,"column":63}},"15":{"start":{"line":22,"column":12},"end":{"line":26,"column":19}},"16":{"start":{"line":24,"column":20},"end":{"line":24,"column":41}},"17":{"start":{"line":25,"column":20},"end":{"line":25,"column":27}},"18":{"start":{"line":29,"column":8},"end":{"line":39,"column":11}},"19":{"start":{"line":30,"column":12},"end":{"line":30,"column":50}},"20":{"start":{"line":31,"column":12},"end":{"line":31,"column":63}},"21":{"start":{"line":32,"column":12},"end":{"line":38,"column":19}},"22":{"start":{"line":36,"column":20},"end":{"line":36,"column":41}},"23":{"start":{"line":37,"column":20},"end":{"line":37,"column":27}},"24":{"start":{"line":41,"column":8},"end":{"line":51,"column":11}},"25":{"start":{"line":42,"column":12},"end":{"line":42,"column":50}},"26":{"start":{"line":43,"column":12},"end":{"line":43,"column":75}},"27":{"start":{"line":44,"column":12},"end":{"line":50,"column":19}},"28":{"start":{"line":48,"column":20},"end":{"line":48,"column":41}},"29":{"start":{"line":49,"column":20},"end":{"line":49,"column":27}},"30":{"start":{"line":53,"column":8},"end":{"line":66,"column":11}},"31":{"start":{"line":54,"column":12},"end":{"line":54,"column":50}},"32":{"start":{"line":55,"column":12},"end":{"line":58,"column":15}},"33":{"start":{"line":59,"column":12},"end":{"line":65,"column":19}},"34":{"start":{"line":63,"column":20},"end":{"line":63,"column":41}},"35":{"start":{"line":64,"column":20},"end":{"line":64,"column":27}},"36":{"start":{"line":69,"column":4},"end":{"line":82,"column":7}},"37":{"start":{"line":70,"column":8},"end":{"line":81,"column":11}},"38":{"start":{"line":71,"column":12},"end":{"line":71,"column":50}},"39":{"start":{"line":72,"column":12},"end":{"line":72,"column":64}},"40":{"start":{"line":73,"column":12},"end":{"line":80,"column":19}},"41":{"start":{"line":78,"column":20},"end":{"line":78,"column":41}},"42":{"start":{"line":79,"column":20},"end":{"line":79,"column":27}}},"branchMap":{}},"/Users/marvin/learning/exam/v1/src/lib/promise.spec.js":{"path":"/Users/marvin/learning/exam/v1/src/lib/promise.spec.js","s":{"1":1,"2":1,"3":1,"4":1,"5":1,"6":1,"7":1,"8":1,"9":1,"10":1,"11":1,"12":1,"13":1,"14":1,"15":1,"16":1,"17":1,"18":1,"19":1,"20":1,"21":1,"22":1,"23":1,"24":1,"25":1,"26":1,"27":1,"28":1,"29":1,"30":1,"31":1,"32":1,"33":1,"34":1},"b":{},"f":{},"fnMap":{},"statementMap":{"1":{"start":{"line":1,"column":0},"end":{"line":1,"column":32}},"2":{"start":{"line":2,"column":0},"end":{"line":2,"column":31}},"3":{"start":{"line":3,"column":0},"end":{"line":3,"column":33}},"4":{"start":{"line":4,"column":0},"end":{"line":4,"column":35}},"5":{"start":{"line":7,"column":0},"end":{"line":63,"column":3}},"6":{"start":{"line":8,"column":4},"end":{"line":13,"column":7}},"7":{"start":{"line":9,"column":8},"end":{"line":12,"column":15}},"8":{"start":{"line":11,"column":16},"end":{"line":11,"column":34}},"9":{"start":{"line":15,"column":4},"end":{"line":20,"column":7}},"10":{"start":{"line":16,"column":8},"end":{"line":19,"column":15}},"11":{"start":{"line":18,"column":16},"end":{"line":18,"column":34}},"12":{"start":{"line":22,"column":4},"end":{"line":62,"column":7}},"13":{"start":{"line":23,"column":8},"end":{"line":30,"column":11}},"14":{"start":{"line":24,"column":12},"end":{"line":29,"column":15}},"15":{"start":{"line":25,"column":16},"end":{"line":25,"column":24}},"16":{"start":{"line":27,"column":16},"end":{"line":27,"column":34}},"17":{"start":{"line":28,"column":16},"end":{"line":28,"column":23}},"18":{"start":{"line":32,"column":8},"end":{"line":39,"column":11}},"19":{"start":{"line":33,"column":12},"end":{"line":38,"column":15}},"20":{"start":{"line":34,"column":16},"end":{"line":34,"column":25}},"21":{"start":{"line":36,"column":16},"end":{"line":36,"column":34}},"22":{"start":{"line":37,"column":16},"end":{"line":37,"column":23}},"23":{"start":{"line":41,"column":8},"end":{"line":50,"column":11}},"24":{"start":{"line":42,"column":12},"end":{"line":49,"column":15}},"25":{"start":{"line":43,"column":16},"end":{"line":45,"column":19}},"26":{"start":{"line":44,"column":20},"end":{"line":44,"column":31}},"27":{"start":{"line":47,"column":16},"end":{"line":47,"column":34}},"28":{"start":{"line":48,"column":16},"end":{"line":48,"column":23}},"29":{"start":{"line":52,"column":8},"end":{"line":61,"column":11}},"30":{"start":{"line":53,"column":12},"end":{"line":60,"column":15}},"31":{"start":{"line":54,"column":16},"end":{"line":56,"column":19}},"32":{"start":{"line":55,"column":20},"end":{"line":55,"column":30}},"33":{"start":{"line":58,"column":16},"end":{"line":58,"column":34}},"34":{"start":{"line":59,"column":16},"end":{"line":59,"column":23}}},"branchMap":{}},"/Users/marvin/learning/exam/v1/src/lib/query.spec.js":{"path":"/Users/marvin/learning/exam/v1/src/lib/query.spec.js","s":{"1":1,"2":1,"3":1,"4":1,"5":1,"6":1,"7":1,"8":1,"9":1,"10":1,"11":1,"12":1,"13":1,"14":1,"15":1},"b":{},"f":{},"fnMap":{},"statementMap":{"1":{"start":{"line":1,"column":0},"end":{"line":1,"column":32}},"2":{"start":{"line":2,"column":0},"end":{"line":2,"column":31}},"3":{"start":{"line":3,"column":0},"end":{"line":3,"column":33}},"4":{"start":{"line":4,"column":0},"end":{"line":4,"column":31}},"5":{"start":{"line":5,"column":0},"end":{"line":5,"column":37}},"6":{"start":{"line":7,"column":0},"end":{"line":57,"column":3}},"7":{"start":{"line":9,"column":4},"end":{"line":19,"column":7}},"8":{"start":{"line":10,"column":8},"end":{"line":14,"column":11}},"9":{"start":{"line":16,"column":8},"end":{"line":18,"column":11}},"10":{"start":{"line":21,"column":4},"end":{"line":24,"column":7}},"11":{"start":{"line":22,"column":8},"end":{"line":22,"column":47}},"12":{"start":{"line":23,"column":8},"end":{"line":23,"column":47}},"13":{"start":{"line":26,"column":4},"end":{"line":56,"column":7}},"14":{"start":{"line":27,"column":8},"end":{"line":55,"column":11}},"15":{"start":{"line":28,"column":12},"end":{"line":52,"column":15}}},"branchMap":{}},"/Users/marvin/learning/exam/v1/src/lib/recommendation.spec.js":{"path":"/Users/marvin/learning/exam/v1/src/lib/recommendation.spec.js","s":{"1":1,"2":1,"3":1,"4":1,"5":1,"6":1,"7":1,"8":1,"9":1,"10":4,"11":4,"12":1,"13":4,"14":4,"15":1,"16":1,"17":1,"18":1,"19":1,"20":1,"21":1,"22":1,"23":1,"24":1,"25":1,"26":1,"27":1,"28":1,"29":1,"30":1,"31":1,"32":1,"33":1,"34":1,"35":1,"36":1,"37":1,"38":1,"39":1,"40":1,"41":1},"b":{},"f":{},"fnMap":{},"statementMap":{"1":{"start":{"line":1,"column":0},"end":{"line":1,"column":32}},"2":{"start":{"line":2,"column":0},"end":{"line":2,"column":31}},"3":{"start":{"line":3,"column":0},"end":{"line":3,"column":33}},"4":{"start":{"line":4,"column":0},"end":{"line":4,"column":51}},"5":{"start":{"line":5,"column":0},"end":{"line":5,"column":33}},"6":{"start":{"line":6,"column":0},"end":{"line":6,"column":25}},"7":{"start":{"line":8,"column":0},"end":{"line":102,"column":3}},"8":{"start":{"line":9,"column":4},"end":{"line":99,"column":7}},"9":{"start":{"line":11,"column":8},"end":{"line":14,"column":11}},"10":{"start":{"line":12,"column":12},"end":{"line":12,"column":30}},"11":{"start":{"line":13,"column":12},"end":{"line":13,"column":27}},"12":{"start":{"line":16,"column":8},"end":{"line":19,"column":11}},"13":{"start":{"line":17,"column":12},"end":{"line":17,"column":40}},"14":{"start":{"line":18,"column":12},"end":{"line":18,"column":37}},"15":{"start":{"line":21,"column":8},"end":{"line":29,"column":11}},"16":{"start":{"line":22,"column":12},"end":{"line":28,"column":19}},"17":{"start":{"line":26,"column":20},"end":{"line":26,"column":58}},"18":{"start":{"line":27,"column":20},"end":{"line":27,"column":27}},"19":{"start":{"line":31,"column":8},"end":{"line":41,"column":11}},"20":{"start":{"line":32,"column":12},"end":{"line":40,"column":19}},"21":{"start":{"line":38,"column":20},"end":{"line":38,"column":58}},"22":{"start":{"line":39,"column":20},"end":{"line":39,"column":27}},"23":{"start":{"line":43,"column":8},"end":{"line":56,"column":11}},"24":{"start":{"line":44,"column":12},"end":{"line":48,"column":15}},"25":{"start":{"line":49,"column":12},"end":{"line":49,"column":46}},"26":{"start":{"line":50,"column":12},"end":{"line":50,"column":69}},"27":{"start":{"line":51,"column":12},"end":{"line":55,"column":18}},"28":{"start":{"line":53,"column":20},"end":{"line":53,"column":39}},"29":{"start":{"line":54,"column":20},"end":{"line":54,"column":27}},"30":{"start":{"line":58,"column":8},"end":{"line":97,"column":11}},"31":{"start":{"line":59,"column":12},"end":{"line":63,"column":15}},"32":{"start":{"line":64,"column":12},"end":{"line":84,"column":14}},"33":{"start":{"line":85,"column":12},"end":{"line":85,"column":46}},"34":{"start":{"line":86,"column":12},"end":{"line":86,"column":40}},"35":{"start":{"line":87,"column":12},"end":{"line":87,"column":69}},"36":{"start":{"line":88,"column":12},"end":{"line":90,"column":16}},"37":{"start":{"line":89,"column":16},"end":{"line":89,"column":40}},"38":{"start":{"line":91,"column":12},"end":{"line":96,"column":19}},"39":{"start":{"line":93,"column":20},"end":{"line":93,"column":39}},"40":{"start":{"line":94,"column":20},"end":{"line":94,"column":36}},"41":{"start":{"line":95,"column":20},"end":{"line":95,"column":27}}},"branchMap":{}},"/Users/marvin/learning/exam/v1/src/lib/security.spec.js":{"path":"/Users/marvin/learning/exam/v1/src/lib/security.spec.js","s":{"1":1,"2":1,"3":1,"4":1,"5":1,"6":1,"7":1,"8":2,"9":1,"10":2,"11":1,"12":1,"13":1,"14":1,"15":2,"16":2,"17":2,"18":1,"19":1,"20":1,"21":1,"22":1,"23":1,"24":7,"25":5,"26":5,"27":5,"28":1,"29":1},"b":{"1":[5,2],"2":[7,6]},"f":{},"fnMap":{},"statementMap":{"1":{"start":{"line":2,"column":0},"end":{"line":2,"column":32}},"2":{"start":{"line":3,"column":0},"end":{"line":3,"column":33}},"3":{"start":{"line":4,"column":0},"end":{"line":4,"column":39}},"4":{"start":{"line":5,"column":0},"end":{"line":5,"column":31}},"5":{"start":{"line":6,"column":0},"end":{"line":6,"column":39}},"6":{"start":{"line":8,"column":0},"end":{"line":64,"column":3}},"7":{"start":{"line":9,"column":4},"end":{"line":19,"column":7}},"8":{"start":{"line":10,"column":8},"end":{"line":18,"column":11}},"9":{"start":{"line":21,"column":4},"end":{"line":23,"column":7}},"10":{"start":{"line":22,"column":8},"end":{"line":22,"column":47}},"11":{"start":{"line":25,"column":4},"end":{"line":63,"column":7}},"12":{"start":{"line":26,"column":8},"end":{"line":35,"column":11}},"13":{"start":{"line":27,"column":12},"end":{"line":29,"column":16}},"14":{"start":{"line":30,"column":12},"end":{"line":34,"column":15}},"15":{"start":{"line":31,"column":16},"end":{"line":31,"column":71}},"16":{"start":{"line":32,"column":16},"end":{"line":32,"column":57}},"17":{"start":{"line":33,"column":16},"end":{"line":33,"column":50}},"18":{"start":{"line":37,"column":8},"end":{"line":62,"column":11}},"19":{"start":{"line":38,"column":12},"end":{"line":47,"column":14}},"20":{"start":{"line":48,"column":12},"end":{"line":48,"column":75}},"21":{"start":{"line":49,"column":12},"end":{"line":49,"column":53}},"22":{"start":{"line":50,"column":12},"end":{"line":50,"column":87}},"23":{"start":{"line":51,"column":12},"end":{"line":59,"column":15}},"24":{"start":{"line":52,"column":16},"end":{"line":58,"column":17}},"25":{"start":{"line":53,"column":20},"end":{"line":55,"column":23}},"26":{"start":{"line":56,"column":20},"end":{"line":56,"column":60}},"27":{"start":{"line":57,"column":20},"end":{"line":57,"column":75}},"28":{"start":{"line":60,"column":12},"end":{"line":60,"column":72}},"29":{"start":{"line":61,"column":12},"end":{"line":61,"column":51}}},"branchMap":{"1":{"line":52,"type":"if","locations":[{"start":{"line":52,"column":16},"end":{"line":52,"column":16}},{"start":{"line":52,"column":16},"end":{"line":52,"column":16}}]},"2":{"line":52,"type":"binary-expr","locations":[{"start":{"line":52,"column":19},"end":{"line":52,"column":38}},{"start":{"line":52,"column":42},"end":{"line":52,"column":60}}]}}}}