TN:
SF:/Users/marvin/learning/exam/v1/src/api/search.spec.js
FNF:0
FNH:0
DA:1,1
DA:2,1
DA:3,1
DA:4,1
DA:5,1
DA:6,1
DA:7,1
DA:9,1
DA:10,1
DA:11,1
DA:12,4
DA:13,4
DA:20,1
DA:21,4
DA:22,4
DA:23,4
DA:26,1
DA:27,1
DA:30,1
DA:31,1
DA:32,1
DA:33,1
DA:34,1
DA:36,1
DA:37,1
DA:38,1
DA:40,1
DA:42,1
DA:43,1
DA:46,1
DA:47,1
DA:51,1
DA:52,1
DA:53,1
DA:54,1
DA:55,1
DA:57,1
DA:58,1
DA:59,1
DA:61,1
DA:63,1
DA:64,1
DA:67,1
DA:68,1
DA:71,1
DA:72,1
DA:73,1
DA:74,1
DA:75,1
DA:77,1
DA:78,1
DA:79,1
DA:82,1
DA:83,1
DA:85,1
DA:86,1
DA:89,1
DA:90,1
DA:93,1
DA:94,1
DA:95,1
DA:97,1
DA:98,1
DA:100,1
DA:102,1
LF:65
LH:65
BRF:0
BRH:0
end_of_record
TN:
SF:/Users/marvin/learning/exam/v1/src/api/search.js
FN:6,recommend
FNF:1
FNH:1
FNDA:4,recommend
DA:1,1
DA:2,1
DA:3,1
DA:4,1
DA:6,1
DA:7,4
DA:8,4
DA:9,4
DA:13,1
LF:9
LH:9
BRDA:8,1,0,4
BRDA:8,1,1,3
BRF:2
BRH:2
end_of_record
TN:
SF:/Users/marvin/learning/exam/v1/src/lib/security.js
FN:4,getSearchableAttributes
FNF:1
FNH:1
FNDA:3,getSearchableAttributes
DA:1,1
DA:2,1
DA:4,1
DA:5,3
DA:6,3
DA:7,2
DA:9,9
DA:10,5
DA:11,5
DA:12,5
DA:13,3
DA:14,1
DA:16,2
DA:19,5
DA:26,2
DA:27,1
DA:37,3
DA:40,1
LF:18
LH:18
BRDA:6,1,0,2
BRDA:6,1,1,1
BRDA:9,2,0,5
BRDA:9,2,1,4
BRDA:9,3,0,9
BRDA:9,3,1,8
BRDA:9,3,2,7
BRDA:12,4,0,3
BRDA:12,4,1,2
BRDA:13,5,0,1
BRDA:13,5,1,2
BRDA:26,6,0,1
BRDA:26,6,1,1
BRDA:26,7,0,2
BRDA:26,7,1,1
BRF:15
BRH:15
end_of_record
TN:
SF:/Users/marvin/learning/exam/v1/config.js
FNF:0
FNH:0
DA:1,1
LF:1
LH:1
BRDA:3,1,0,1
BRDA:3,1,1,1
BRDA:17,2,0,1
BRDA:17,2,1,1
BRF:4
BRH:4
end_of_record
TN:
SF:/Users/marvin/learning/exam/v1/src/lib/query.js
FN:4,convert
FNF:1
FNH:1
FNDA:2,convert
DA:1,1
DA:2,1
DA:4,1
DA:5,2
DA:6,2
DA:7,2
DA:8,2
DA:9,2
DA:10,5
DA:11,2
DA:12,2
DA:13,2
DA:17,5
DA:18,1
DA:21,1
DA:25,1
DA:29,5
DA:30,2
DA:31,2
DA:32,2
DA:33,2
DA:34,2
DA:35,2
DA:36,2
DA:40,2
DA:44,5
DA:45,2
DA:46,2
DA:47,2
DA:53,2
DA:54,1
DA:60,2
DA:67,2
DA:68,2
DA:70,2
DA:74,1
LF:36
LH:36
BRDA:8,1,0,2
BRDA:8,1,1,0
BRDA:10,2,0,2
BRDA:10,2,1,3
BRDA:10,3,0,5
BRDA:10,3,1,4
BRDA:17,4,0,1
BRDA:17,4,1,4
BRDA:29,5,0,2
BRDA:29,5,1,3
BRDA:30,6,0,2
BRDA:30,6,1,2
BRDA:30,6,2,2
BRDA:44,7,0,2
BRDA:44,7,1,3
BRDA:53,8,0,1
BRDA:53,8,1,1
BRDA:67,9,0,2
BRDA:67,9,1,0
BRF:19
BRH:17
end_of_record
TN:
SF:/Users/marvin/learning/exam/v1/src/lib/recommendation.js
FN:6,recommend
FNF:1
FNH:1
FNDA:5,recommend
DA:1,1
DA:2,1
DA:3,1
DA:4,1
DA:6,1
DA:7,5
DA:8,5
DA:9,5
DA:10,3
DA:11,3
DA:12,3
DA:13,3
DA:15,3
DA:16,3
DA:17,2
DA:20,11
DA:21,11
DA:32,3
DA:35,2
DA:37,5
DA:41,1
LF:21
LH:21
BRDA:7,1,0,5
BRDA:7,1,1,4
BRDA:9,2,0,3
BRDA:9,2,1,2
BRDA:9,3,0,5
BRDA:9,3,1,3
BRDA:16,4,0,2
BRDA:16,4,1,1
BRDA:16,5,0,3
BRDA:16,5,1,3
BRF:10
BRH:10
end_of_record
TN:
SF:/Users/marvin/learning/exam/v1/src/lib/es.js
FN:4,search
FNF:1
FNH:1
FNDA:3,search
DA:1,1
DA:2,1
DA:4,1
DA:5,3
DA:6,3
DA:7,3
DA:11,3
DA:15,1
LF:8
LH:8
BRDA:5,1,0,3
BRDA:5,1,1,1
BRF:2
BRH:2
end_of_record
TN:
SF:/Users/marvin/learning/exam/v1/src/lib/http.js
FN:3,get
FN:22,post
FN:36,_request
FN:53,(anonymous_4)
FN:60,(anonymous_5)
FN:68,_handleRequest
FNF:6
FNH:6
FNDA:4,get
FNDA:3,post
FNDA:7,_request
FNDA:4,(anonymous_4)
FNDA:3,(anonymous_5)
FNDA:7,_handleRequest
DA:1,1
DA:3,1
DA:4,4
DA:5,4
DA:6,4
DA:7,4
DA:8,1
DA:9,1
DA:11,3
DA:12,3
DA:14,4
DA:22,1
DA:23,3
DA:24,3
DA:25,2
DA:27,3
DA:36,1
DA:37,7
DA:38,7
DA:45,7
DA:49,7
DA:50,7
DA:51,4
DA:54,4
DA:57,3
DA:58,3
DA:61,3
DA:68,1
DA:69,7
DA:70,1
DA:71,6
DA:72,1
DA:73,1
DA:74,1
DA:76,5
DA:81,1
LF:36
LH:36
BRDA:7,1,0,1
BRDA:7,1,1,3
BRDA:12,2,0,3
BRDA:12,2,1,3
BRDA:23,3,0,3
BRDA:23,3,1,0
BRDA:24,4,0,2
BRDA:24,4,1,1
BRDA:31,5,0,3
BRDA:31,5,1,3
BRDA:40,6,0,7
BRDA:40,6,1,0
BRDA:50,7,0,4
BRDA:50,7,1,3
BRDA:57,8,0,3
BRDA:57,8,1,0
BRDA:69,9,0,1
BRDA:69,9,1,6
BRDA:71,10,0,1
BRDA:71,10,1,5
BRF:20
BRH:17
end_of_record
TN:
SF:/Users/marvin/learning/exam/v1/src/lib/promise.js
FN:3,exec
FN:23,pass
FN:27,reject
FNF:3
FNH:3
FNDA:9,exec
FNDA:1,pass
FNDA:1,reject
DA:1,1
DA:3,1
DA:4,9
DA:5,9
DA:6,9
DA:7,8
DA:8,5
DA:9,4
DA:12,1
DA:15,3
DA:18,1
DA:23,1
DA:24,1
DA:27,1
DA:28,1
DA:31,1
LF:16
LH:16
BRDA:7,1,0,5
BRDA:7,1,1,3
BRF:2
BRH:2
end_of_record
TN:
SF:/Users/marvin/learning/exam/v1/src/lib/es.spec.js
FNF:0
FNH:0
DA:1,1
DA:2,1
DA:3,1
DA:4,1
DA:5,1
DA:6,1
DA:8,1
DA:9,1
DA:10,1
DA:12,1
DA:13,1
DA:16,1
DA:17,1
DA:38,1
DA:39,1
DA:40,1
DA:43,1
DA:45,1
DA:46,1
LF:19
LH:19
BRF:0
BRH:0
end_of_record
TN:
SF:/Users/marvin/learning/exam/v1/src/lib/http.spec.js
FNF:0
FNH:0
DA:1,1
DA:2,1
DA:3,1
DA:4,1
DA:5,1
DA:7,1
DA:8,1
DA:9,5
DA:13,1
DA:14,5
DA:18,1
DA:19,1
DA:20,1
DA:21,1
DA:22,1
DA:24,1
DA:25,1
DA:29,1
DA:30,1
DA:31,1
DA:32,1
DA:36,1
DA:37,1
DA:41,1
DA:42,1
DA:43,1
DA:44,1
DA:48,1
DA:49,1
DA:53,1
DA:54,1
DA:55,1
DA:59,1
DA:63,1
DA:64,1
DA:69,1
DA:70,1
DA:71,1
DA:72,1
DA:73,1
DA:78,1
DA:79,1
LF:42
LH:42
BRF:0
BRH:0
end_of_record
TN:
SF:/Users/marvin/learning/exam/v1/src/lib/promise.spec.js
FNF:0
FNH:0
DA:1,1
DA:2,1
DA:3,1
DA:4,1
DA:7,1
DA:8,1
DA:9,1
DA:11,1
DA:15,1
DA:16,1
DA:18,1
DA:22,1
DA:23,1
DA:24,1
DA:25,1
DA:27,1
DA:28,1
DA:32,1
DA:33,1
DA:34,1
DA:36,1
DA:37,1
DA:41,1
DA:42,1
DA:43,1
DA:44,1
DA:47,1
DA:48,1
DA:52,1
DA:53,1
DA:54,1
DA:55,1
DA:58,1
DA:59,1
LF:34
LH:34
BRF:0
BRH:0
end_of_record
TN:
SF:/Users/marvin/learning/exam/v1/src/lib/query.spec.js
FNF:0
FNH:0
DA:1,1
DA:2,1
DA:3,1
DA:4,1
DA:5,1
DA:7,1
DA:9,1
DA:10,1
DA:16,1
DA:21,1
DA:22,1
DA:23,1
DA:26,1
DA:27,1
DA:28,1
LF:15
LH:15
BRF:0
BRH:0
end_of_record
TN:
SF:/Users/marvin/learning/exam/v1/src/lib/recommendation.spec.js
FNF:0
FNH:0
DA:1,1
DA:2,1
DA:3,1
DA:4,1
DA:5,1
DA:6,1
DA:8,1
DA:9,1
DA:11,1
DA:12,4
DA:13,4
DA:16,1
DA:17,4
DA:18,4
DA:21,1
DA:22,1
DA:26,1
DA:27,1
DA:31,1
DA:32,1
DA:38,1
DA:39,1
DA:43,1
DA:44,1
DA:49,1
DA:50,1
DA:51,1
DA:53,1
DA:54,1
DA:58,1
DA:59,1
DA:64,1
DA:85,1
DA:86,1
DA:87,1
DA:88,1
DA:89,1
DA:91,1
DA:93,1
DA:94,1
DA:95,1
LF:41
LH:41
BRF:0
BRH:0
end_of_record
TN:
SF:/Users/marvin/learning/exam/v1/src/lib/security.spec.js
FNF:0
FNH:0
DA:2,1
DA:3,1
DA:4,1
DA:5,1
DA:6,1
DA:8,1
DA:9,1
DA:10,2
DA:21,1
DA:22,2
DA:25,1
DA:26,1
DA:27,1
DA:30,1
DA:31,2
DA:32,2
DA:33,2
DA:37,1
DA:38,1
DA:48,1
DA:49,1
DA:50,1
DA:51,1
DA:52,7
DA:53,5
DA:56,5
DA:57,5
DA:60,1
DA:61,1
LF:29
LH:29
BRDA:52,1,0,5
BRDA:52,1,1,2
BRDA:52,2,0,7
BRDA:52,2,1,6
BRF:4
BRH:4
end_of_record
